{"level":"info","message":"🚀 MODELO-UNNA API running on http://localhost:3333/api/health","timestamp":"2025-11-26 13:01:02"}
{"level":"info","message":"🚀 MODELO-UNNA API running on http://localhost:3333/api/health","timestamp":"2025-11-26 23:04:26"}
{"level":"info","message":"🚀 MODELO-UNNA API running on http://localhost:3333/api/health","timestamp":"2025-11-26 23:20:56"}
{"level":"error","message":"🔥 CRITICAL ERROR em POST /api/auth/login:","timestamp":"2025-11-26 23:21:00"}
{"level":"error","message":"Error: Illegal arguments: string, undefined\n    at _async (C:\\Users\\lemin\\Desktop\\projetos-clientes\\UNNA-SITE-KELMA\\BACK-END-MODELO-UNNA\\node_modules\\bcryptjs\\dist\\bcrypt.js:286:46)\n    at C:\\Users\\lemin\\Desktop\\projetos-clientes\\UNNA-SITE-KELMA\\BACK-END-MODELO-UNNA\\node_modules\\bcryptjs\\dist\\bcrypt.js:307:17\n    at new Promise (<anonymous>)\n    at bcrypt.compare (C:\\Users\\lemin\\Desktop\\projetos-clientes\\UNNA-SITE-KELMA\\BACK-END-MODELO-UNNA\\node_modules\\bcryptjs\\dist\\bcrypt.js:306:20)\n    at AuthService.login (C:\\Users\\lemin\\Desktop\\projetos-clientes\\UNNA-SITE-KELMA\\BACK-END-MODELO-UNNA\\src\\services\\AuthService.ts:60:32)\n    at process.processTicksAndRejections (node:internal/process/task_queues:95:5)\n    at async login (C:\\Users\\lemin\\Desktop\\projetos-clientes\\UNNA-SITE-KELMA\\BACK-END-MODELO-UNNA\\src\\controllers\\AuthController.ts:13:20)","timestamp":"2025-11-26 23:21:00"}
{"level":"info","message":"🚀 MODELO-UNNA API running on http://localhost:3333/api/health","timestamp":"2025-11-26 23:32:56"}
{"level":"info","message":"🚀 MODELO-UNNA API running on http://localhost:3333/api/health","timestamp":"2025-12-01 12:03:29"}
{"level":"warn","message":"⚠️ Erro Operacional: Invalid status (Status: 400)","timestamp":"2025-12-01 12:06:12"}
{"level":"info","message":"🚀 MODELO-UNNA API running on http://localhost:3333/api/health","timestamp":"2025-12-01 12:15:00"}
{"level":"info","message":"🚀 MODELO-UNNA API running on http://localhost:3333/api/health","timestamp":"2025-12-01 13:04:26"}
{"level":"warn","message":"⚠️ Erro Operacional: Invalid or expired token (Status: 401)","timestamp":"2025-12-01 16:30:46"}
{"level":"info","message":"🚀 MODELO-UNNA API running on http://localhost:3333/api/health","timestamp":"2025-12-01 16:46:54"}
{"level":"warn","message":"⚠️ Erro Operacional: Invalid or expired token (Status: 401)","timestamp":"2025-12-01 17:31:27"}
{"level":"warn","message":"⚠️ Erro Operacional: Invalid or expired token (Status: 401)","timestamp":"2025-12-01 18:18:34"}
{"level":"warn","message":"⚠️ Erro Operacional: Invalid order payload (Status: 400)","timestamp":"2025-12-01 18:18:48"}
{"level":"error","message":"🔥 CRITICAL ERROR em POST /api/orders:","timestamp":"2025-12-01 18:23:46"}
{"level":"error","message":"SyntaxError: Expected ',' or '}' after property value in JSON at position 376\n    at JSON.parse (<anonymous>)\n    at parse (C:\\Users\\lemin\\Desktop\\projetos-clientes\\UNNA-SITE-KELMA\\BACK-END-MODELO-UNNA\\node_modules\\body-parser\\lib\\types\\json.js:92:19)\n    at C:\\Users\\lemin\\Desktop\\projetos-clientes\\UNNA-SITE-KELMA\\BACK-END-MODELO-UNNA\\node_modules\\body-parser\\lib\\read.js:128:18\n    at AsyncResource.runInAsyncScope (node:async_hooks:206:9)\n    at invokeCallback (C:\\Users\\lemin\\Desktop\\projetos-clientes\\UNNA-SITE-KELMA\\BACK-END-MODELO-UNNA\\node_modules\\raw-body\\index.js:238:16)\n    at done (C:\\Users\\lemin\\Desktop\\projetos-clientes\\UNNA-SITE-KELMA\\BACK-END-MODELO-UNNA\\node_modules\\raw-body\\index.js:227:7)\n    at IncomingMessage.onEnd (C:\\Users\\lemin\\Desktop\\projetos-clientes\\UNNA-SITE-KELMA\\BACK-END-MODELO-UNNA\\node_modules\\raw-body\\index.js:287:7)\n    at IncomingMessage.emit (node:events:524:28)\n    at endReadableNT (node:internal/streams/readable:1698:12)\n    at process.processTicksAndRejections (node:internal/process/task_queues:82:21)","timestamp":"2025-12-01 18:23:46"}
{"level":"error","message":"🔥 CRITICAL ERROR em POST /api/orders:","timestamp":"2025-12-01 18:23:53"}
{"level":"error","message":"Error: Bind parameters must not contain undefined. To pass SQL NULL specify JS null\n    at PromisePool.execute (C:\\Users\\lemin\\Desktop\\projetos-clientes\\UNNA-SITE-KELMA\\BACK-END-MODELO-UNNA\\node_modules\\mysql2\\lib\\promise\\pool.js:54:22)\n    at OrderRepository.createShipping (C:\\Users\\lemin\\Desktop\\projetos-clientes\\UNNA-SITE-KELMA\\BACK-END-MODELO-UNNA\\src\\repositories\\mysql\\OrderRepository.ts:83:16)\n    at OrderService.createOrder (C:\\Users\\lemin\\Desktop\\projetos-clientes\\UNNA-SITE-KELMA\\BACK-END-MODELO-UNNA\\src\\services\\OrderService.ts:115:34)\n    at process.processTicksAndRejections (node:internal/process/task_queues:95:5)\n    at async create (C:\\Users\\lemin\\Desktop\\projetos-clientes\\UNNA-SITE-KELMA\\BACK-END-MODELO-UNNA\\src\\controllers\\OrderController.ts:16:20)","timestamp":"2025-12-01 18:23:53"}
{"level":"info","message":"🚀 MODELO-UNNA API running on http://localhost:3333/api/health","timestamp":"2025-12-01 18:44:19"}
{"level":"warn","message":"⚠️ Erro Operacional: Invalid or expired token (Status: 401)","timestamp":"2025-12-01 18:44:33"}
{"level":"error","message":"🔥 CRITICAL ERROR em POST /api/orders:","timestamp":"2025-12-01 18:45:36"}
{"level":"error","message":"Error: Table 'modelo_unna.order_payments' doesn't exist\n    at PromisePool.execute (C:\\Users\\lemin\\Desktop\\projetos-clientes\\UNNA-SITE-KELMA\\BACK-END-MODELO-UNNA\\node_modules\\mysql2\\lib\\promise\\pool.js:54:22)\n    at OrderRepository.createPayment (C:\\Users\\lemin\\Desktop\\projetos-clientes\\UNNA-SITE-KELMA\\BACK-END-MODELO-UNNA\\src\\repositories\\mysql\\OrderRepository.ts:110:16)\n    at OrderService.createOrder (C:\\Users\\lemin\\Desktop\\projetos-clientes\\UNNA-SITE-KELMA\\BACK-END-MODELO-UNNA\\src\\services\\OrderService.ts:126:32)\n    at process.processTicksAndRejections (node:internal/process/task_queues:95:5)\n    at async create (C:\\Users\\lemin\\Desktop\\projetos-clientes\\UNNA-SITE-KELMA\\BACK-END-MODELO-UNNA\\src\\controllers\\OrderController.ts:16:20)","timestamp":"2025-12-01 18:45:36"}
{"level":"info","message":"🚀 MODELO-UNNA API running on http://localhost:3333/api/health","timestamp":"2025-12-01 18:54:07"}
{"level":"warn","message":"⚠️ Erro Operacional: Erro no pagamento: auto_return invalid. back_url.success must be defined (Status: 500)","timestamp":"2025-12-01 18:54:10"}
{"level":"info","message":"🚀 MODELO-UNNA API running on http://localhost:3333/api/health","timestamp":"2025-12-02 20:22:05"}
{"level":"info","message":"🚀 MODELO-UNNA API running on http://localhost:3333/api/health","timestamp":"2025-12-02 20:26:31"}
{"level":"info","message":"🚀 MODELO-UNNA API running on http://localhost:3333/api/health","timestamp":"2025-12-02 20:29:55"}
{"level":"warn","message":"⚠️ Erro Operacional: Erro no pagamento: auto_return invalid. back_url.success must be defined (Status: 400)","timestamp":"2025-12-02 20:30:39"}
{"level":"info","message":"🚀 MODELO-UNNA API running on http://localhost:3333/api/health","timestamp":"2025-12-02 20:34:35"}
{"level":"error","message":"🔥 CRITICAL ERROR em POST /api/orders:","timestamp":"2025-12-02 20:34:39"}
{"level":"error","message":"TypeError: this.paymentService.createMercadoPagoPreference is not a function\n    at OrderService.createOrder (C:\\Users\\lemin\\Desktop\\projetos-clientes\\UNNA-SITE-KELMA\\BACK-END-MODELO-UNNA\\src\\services\\OrderService.ts:138:33)\n    at process.processTicksAndRejections (node:internal/process/task_queues:95:5)\n    at async create (C:\\Users\\lemin\\Desktop\\projetos-clientes\\UNNA-SITE-KELMA\\BACK-END-MODELO-UNNA\\src\\controllers\\OrderController.ts:16:20)","timestamp":"2025-12-02 20:34:39"}
{"level":"info","message":"🚀 MODELO-UNNA API running on http://localhost:3333/api/health","timestamp":"2025-12-02 20:39:04"}
{"level":"warn","message":"⚠️ Erro Operacional: Erro no pagamento: auto_return invalid. back_url.success must be defined (Status: 400)","timestamp":"2025-12-02 20:39:12"}
{"level":"info","message":"🚀 MODELO-UNNA API running on http://localhost:3333/api/health","timestamp":"2025-12-02 20:43:42"}
{"level":"warn","message":"⚠️ Erro Operacional: Erro no pagamento: auto_return invalid. back_url.success must be defined (Status: 400)","timestamp":"2025-12-02 20:44:02"}
{"level":"info","message":"🚀 MODELO-UNNA API running on http://localhost:3333/api/health","timestamp":"2025-12-03 14:40:05"}
{"level":"warn","message":"⚠️ Erro Operacional: Invalid or expired token (Status: 401)","timestamp":"2025-12-03 14:40:09"}
{"level":"warn","message":"⚠️ Erro Operacional: Erro no pagamento: auto_return invalid. back_url.success must be defined (Status: 400)","timestamp":"2025-12-03 14:40:26"}
{"level":"info","message":"🚀 MODELO-UNNA API running on http://localhost:3333/api/health","timestamp":"2025-12-03 14:51:38"}
{"level":"warn","message":"⚠️ Erro Operacional: Invalid or expired token (Status: 401)","timestamp":"2025-12-03 15:01:50"}
{"level":"info","message":"🚀 MODELO-UNNA API running on http://localhost:3333/api/health","timestamp":"2025-12-03 15:16:32"}
{"level":"info","message":"🚀 MODELO-UNNA API running on http://localhost:3333/api/health","timestamp":"2025-12-03 15:35:46"}
{"level":"warn","message":"⚠️ Erro Operacional: Invalid or expired token (Status: 401)","timestamp":"2025-12-03 15:35:56"}
{"level":"info","message":"🚀 MODELO-UNNA API running on http://localhost:3333/api/health","timestamp":"2025-12-03 15:54:59"}
{"level":"info","message":"🚀 MODELO-UNNA API running on http://localhost:3333/api/health","timestamp":"2025-12-03 16:06:00"}
